2025-01-05 19:44:58 [main] DEBUG o.s.b.f.s.DefaultListableBeanFactory - logback: Creating shared instance of singleton bean 'propertySourcesPlaceholderConfigurer'
2025-01-05 19:44:58 [main] DEBUG o.s.b.f.s.DefaultListableBeanFactory - logback: Creating shared instance of singleton bean 'org.springframework.boot.sql.init.dependency.DatabaseInitializationDependencyConfigurer$DependsOnDatabaseInitializationPostProcessor'
2025-01-05 19:44:58 [main] DEBUG o.s.b.f.s.DefaultListableBeanFactory - logback: Creating shared instance of singleton bean 'org.springframework.context.event.internalEventListenerProcessor'
2025-01-05 19:44:58 [main] DEBUG o.s.b.f.s.DefaultListableBeanFactory - logback: Creating shared instance of singleton bean 'preserveErrorControllerTargetClassPostProcessor'
2025-01-05 19:44:58 [main] DEBUG o.s.b.f.s.DefaultListableBeanFactory - logback: Creating shared instance of singleton bean 'forceAutoProxyCreatorToUseClassProxying'
2025-01-05 19:44:58 [main] DEBUG o.s.b.f.s.DefaultListableBeanFactory - logback: Creating shared instance of singleton bean 'org.springframework.context.event.internalEventListenerFactory'
2025-01-05 19:44:58 [main] DEBUG o.s.b.f.s.DefaultListableBeanFactory - logback: Creating shared instance of singleton bean 'org.springframework.context.annotation.internalAutowiredAnnotationProcessor'
2025-01-05 19:44:58 [main] DEBUG o.s.b.f.s.DefaultListableBeanFactory - logback: Creating shared instance of singleton bean 'org.springframework.context.annotation.internalCommonAnnotationProcessor'
2025-01-05 19:44:58 [main] DEBUG o.s.b.f.s.DefaultListableBeanFactory - logback: Creating shared instance of singleton bean 'org.springframework.boot.context.properties.ConfigurationPropertiesBindingPostProcessor'
2025-01-05 19:44:58 [main] DEBUG o.s.b.f.s.DefaultListableBeanFactory - logback: Creating shared instance of singleton bean 'org.springframework.boot.context.internalConfigurationPropertiesBinder'
2025-01-05 19:44:58 [main] DEBUG o.s.b.f.s.DefaultListableBeanFactory - logback: Creating shared instance of singleton bean 'org.springframework.aop.config.internalAutoProxyCreator'
2025-01-05 19:44:58 [main] DEBUG o.s.b.f.s.DefaultListableBeanFactory - logback: Creating shared instance of singleton bean 'webServerFactoryCustomizerBeanPostProcessor'
2025-01-05 19:44:58 [main] DEBUG o.s.b.f.s.DefaultListableBeanFactory - logback: Creating shared instance of singleton bean 'errorPageRegistrarBeanPostProcessor'
2025-01-05 19:44:58 [main] DEBUG o.s.u.c.s.UiApplicationContextUtils - logback: Unable to locate ThemeSource with name 'themeSource': using default [org.springframework.ui.context.support.ResourceBundleThemeSource@6f4ade6e]
2025-01-05 19:44:58 [main] DEBUG o.s.b.f.s.DefaultListableBeanFactory - logback: Creating shared instance of singleton bean 'tomcatServletWebServerFactory'
2025-01-05 19:44:58 [main] DEBUG o.s.b.f.s.DefaultListableBeanFactory - logback: Creating shared instance of singleton bean 'org.springframework.boot.autoconfigure.web.servlet.ServletWebServerFactoryConfiguration$EmbeddedTomcat'
2025-01-05 19:44:58 [main] DEBUG o.s.b.f.s.DefaultListableBeanFactory - logback: Creating shared instance of singleton bean 'websocketServletWebServerCustomizer'
2025-01-05 19:44:58 [main] DEBUG o.s.b.f.s.DefaultListableBeanFactory - logback: Creating shared instance of singleton bean 'org.springframework.boot.autoconfigure.websocket.servlet.WebSocketServletAutoConfiguration$TomcatWebSocketConfiguration'
2025-01-05 19:44:58 [main] DEBUG o.s.b.f.s.DefaultListableBeanFactory - logback: Creating shared instance of singleton bean 'servletWebServerFactoryCustomizer'
2025-01-05 19:44:58 [main] DEBUG o.s.b.f.s.DefaultListableBeanFactory - logback: Creating shared instance of singleton bean 'org.springframework.boot.autoconfigure.web.servlet.ServletWebServerFactoryAutoConfiguration'
2025-01-05 19:44:58 [main] DEBUG o.s.b.f.s.DefaultListableBeanFactory - logback: Creating shared instance of singleton bean 'server-org.springframework.boot.autoconfigure.web.ServerProperties'
2025-01-05 19:44:58 [main] DEBUG o.s.b.f.s.DefaultListableBeanFactory - logback: Creating shared instance of singleton bean 'org.springframework.boot.context.properties.BoundConfigurationProperties'
2025-01-05 19:44:58 [main] DEBUG o.s.b.f.s.DefaultListableBeanFactory - logback: Autowiring by type from bean name 'servletWebServerFactoryCustomizer' via factory method to bean named 'server-org.springframework.boot.autoconfigure.web.ServerProperties'
2025-01-05 19:44:58 [main] DEBUG o.s.b.f.s.DefaultListableBeanFactory - logback: Creating shared instance of singleton bean 'sslBundleRegistry'
2025-01-05 19:44:58 [main] DEBUG o.s.b.f.s.DefaultListableBeanFactory - logback: Creating shared instance of singleton bean 'org.springframework.boot.autoconfigure.ssl.SslAutoConfiguration'
2025-01-05 19:44:58 [main] DEBUG o.s.b.f.s.DefaultListableBeanFactory - logback: Creating shared instance of singleton bean 'spring.ssl-org.springframework.boot.autoconfigure.ssl.SslProperties'
2025-01-05 19:44:58 [main] DEBUG o.s.b.f.s.DefaultListableBeanFactory - logback: Autowiring by type from bean name 'org.springframework.boot.autoconfigure.ssl.SslAutoConfiguration' via constructor to bean named 'org.springframework.boot.web.servlet.context.AnnotationConfigServletWebServerApplicationContext@1fdfafd2'
2025-01-05 19:44:58 [main] DEBUG o.s.b.f.s.DefaultListableBeanFactory - logback: Autowiring by type from bean name 'org.springframework.boot.autoconfigure.ssl.SslAutoConfiguration' via constructor to bean named 'spring.ssl-org.springframework.boot.autoconfigure.ssl.SslProperties'
2025-01-05 19:44:58 [main] DEBUG o.s.b.f.s.DefaultListableBeanFactory - logback: Creating shared instance of singleton bean 'sslPropertiesSslBundleRegistrar'
2025-01-05 19:44:58 [main] DEBUG o.s.b.f.s.DefaultListableBeanFactory - logback: Creating shared instance of singleton bean 'fileWatcher'
2025-01-05 19:44:58 [main] DEBUG o.s.b.f.s.DefaultListableBeanFactory - logback: Autowiring by type from bean name 'sslPropertiesSslBundleRegistrar' via factory method to bean named 'fileWatcher'
2025-01-05 19:44:58 [main] DEBUG o.s.b.f.s.DefaultListableBeanFactory - logback: Creating shared instance of singleton bean 'tomcatServletWebServerFactoryCustomizer'
2025-01-05 19:44:58 [main] DEBUG o.s.b.f.s.DefaultListableBeanFactory - logback: Autowiring by type from bean name 'tomcatServletWebServerFactoryCustomizer' via factory method to bean named 'server-org.springframework.boot.autoconfigure.web.ServerProperties'
2025-01-05 19:44:58 [main] DEBUG o.s.b.f.s.DefaultListableBeanFactory - logback: Creating shared instance of singleton bean 'tomcatWebServerFactoryCustomizer'
2025-01-05 19:44:58 [main] DEBUG o.s.b.f.s.DefaultListableBeanFactory - logback: Creating shared instance of singleton bean 'org.springframework.boot.autoconfigure.web.embedded.EmbeddedWebServerFactoryCustomizerAutoConfiguration$TomcatWebServerFactoryCustomizerConfiguration'
2025-01-05 19:44:58 [main] DEBUG o.s.b.f.s.DefaultListableBeanFactory - logback: Autowiring by type from bean name 'tomcatWebServerFactoryCustomizer' via factory method to bean named 'environment'
2025-01-05 19:44:58 [main] DEBUG o.s.b.f.s.DefaultListableBeanFactory - logback: Autowiring by type from bean name 'tomcatWebServerFactoryCustomizer' via factory method to bean named 'server-org.springframework.boot.autoconfigure.web.ServerProperties'
2025-01-05 19:44:58 [main] DEBUG o.s.b.f.s.DefaultListableBeanFactory - logback: Creating shared instance of singleton bean 'localeCharsetMappingsCustomizer'
2025-01-05 19:44:58 [main] DEBUG o.s.b.f.s.DefaultListableBeanFactory - logback: Creating shared instance of singleton bean 'org.springframework.boot.autoconfigure.web.servlet.HttpEncodingAutoConfiguration'
2025-01-05 19:44:58 [main] DEBUG o.s.b.f.s.DefaultListableBeanFactory - logback: Autowiring by type from bean name 'org.springframework.boot.autoconfigure.web.servlet.HttpEncodingAutoConfiguration' via constructor to bean named 'server-org.springframework.boot.autoconfigure.web.ServerProperties'
2025-01-05 19:44:58 [main] DEBUG o.s.b.f.s.DefaultListableBeanFactory - logback: Creating shared instance of singleton bean 'errorPageCustomizer'
2025-01-05 19:44:58 [main] DEBUG o.s.b.f.s.DefaultListableBeanFactory - logback: Creating shared instance of singleton bean 'org.springframework.boot.autoconfigure.web.servlet.error.ErrorMvcAutoConfiguration'
2025-01-05 19:44:58 [main] DEBUG o.s.b.f.s.DefaultListableBeanFactory - logback: Autowiring by type from bean name 'org.springframework.boot.autoconfigure.web.servlet.error.ErrorMvcAutoConfiguration' via constructor to bean named 'server-org.springframework.boot.autoconfigure.web.ServerProperties'
2025-01-05 19:44:58 [main] DEBUG o.s.b.f.s.DefaultListableBeanFactory - logback: Creating shared instance of singleton bean 'dispatcherServletRegistration'
2025-01-05 19:44:58 [main] DEBUG o.s.b.f.s.DefaultListableBeanFactory - logback: Creating shared instance of singleton bean 'org.springframework.boot.autoconfigure.web.servlet.DispatcherServletAutoConfiguration$DispatcherServletRegistrationConfiguration'
2025-01-05 19:44:58 [main] DEBUG o.s.b.f.s.DefaultListableBeanFactory - logback: Creating shared instance of singleton bean 'dispatcherServlet'
2025-01-05 19:44:58 [main] DEBUG o.s.b.f.s.DefaultListableBeanFactory - logback: Creating shared instance of singleton bean 'org.springframework.boot.autoconfigure.web.servlet.DispatcherServletAutoConfiguration$DispatcherServletConfiguration'
2025-01-05 19:44:58 [main] DEBUG o.s.b.f.s.DefaultListableBeanFactory - logback: Creating shared instance of singleton bean 'spring.mvc-org.springframework.boot.autoconfigure.web.servlet.WebMvcProperties'
2025-01-05 19:44:58 [main] DEBUG o.s.b.f.s.DefaultListableBeanFactory - logback: Autowiring by type from bean name 'dispatcherServlet' via factory method to bean named 'spring.mvc-org.springframework.boot.autoconfigure.web.servlet.WebMvcProperties'
2025-01-05 19:44:58 [main] DEBUG o.s.b.f.s.DefaultListableBeanFactory - logback: Autowiring by type from bean name 'dispatcherServletRegistration' via factory method to bean named 'dispatcherServlet'
2025-01-05 19:44:58 [main] DEBUG o.s.b.f.s.DefaultListableBeanFactory - logback: Autowiring by type from bean name 'dispatcherServletRegistration' via factory method to bean named 'spring.mvc-org.springframework.boot.autoconfigure.web.servlet.WebMvcProperties'
2025-01-05 19:44:58 [main] DEBUG o.s.b.f.s.DefaultListableBeanFactory - logback: Creating shared instance of singleton bean 'multipartConfigElement'
2025-01-05 19:44:58 [main] DEBUG o.s.b.f.s.DefaultListableBeanFactory - logback: Creating shared instance of singleton bean 'org.springframework.boot.autoconfigure.web.servlet.MultipartAutoConfiguration'
2025-01-05 19:44:58 [main] DEBUG o.s.b.f.s.DefaultListableBeanFactory - logback: Creating shared instance of singleton bean 'spring.servlet.multipart-org.springframework.boot.autoconfigure.web.servlet.MultipartProperties'
2025-01-05 19:44:58 [main] DEBUG o.s.b.f.s.DefaultListableBeanFactory - logback: Autowiring by type from bean name 'org.springframework.boot.autoconfigure.web.servlet.MultipartAutoConfiguration' via constructor to bean named 'spring.servlet.multipart-org.springframework.boot.autoconfigure.web.servlet.MultipartProperties'
2025-01-05 19:44:58 [main] DEBUG o.s.b.f.s.DefaultListableBeanFactory - logback: Autowiring by type from bean name 'errorPageCustomizer' via factory method to bean named 'dispatcherServletRegistration'
2025-01-05 19:44:58 [main] DEBUG o.s.b.w.e.t.TomcatServletWebServerFactory - logback: Code archive: C:\Users\user\.m2\repository\org\springframework\boot\spring-boot\3.4.1\spring-boot-3.4.1.jar
2025-01-05 19:44:58 [main] DEBUG o.s.b.w.e.t.TomcatServletWebServerFactory - logback: Code archive: C:\Users\user\.m2\repository\org\springframework\boot\spring-boot\3.4.1\spring-boot-3.4.1.jar
2025-01-05 19:44:58 [main] DEBUG o.s.b.w.e.t.TomcatServletWebServerFactory - logback: None of the document roots [src/main/webapp, public, static] point to a directory and will be ignored.
2025-01-05 19:44:58 [main] DEBUG o.s.b.w.s.c.ServletWebServerApplicationContext - logback: Published root WebApplicationContext as ServletContext attribute with name [org.springframework.web.context.WebApplicationContext.ROOT]
2025-01-05 19:44:58 [main] DEBUG o.s.b.f.s.DefaultListableBeanFactory - logback: Creating shared instance of singleton bean 'requestContextFilter'
2025-01-05 19:44:58 [main] DEBUG o.s.b.f.s.DefaultListableBeanFactory - logback: Creating shared instance of singleton bean 'formContentFilter'
2025-01-05 19:44:58 [main] DEBUG o.s.b.f.s.DefaultListableBeanFactory - logback: Creating shared instance of singleton bean 'org.springframework.boot.autoconfigure.web.servlet.WebMvcAutoConfiguration'
2025-01-05 19:44:58 [main] DEBUG o.s.b.f.s.DefaultListableBeanFactory - logback: Creating shared instance of singleton bean 'characterEncodingFilter'
2025-01-05 19:44:58 [main] DEBUG o.s.b.w.s.ServletContextInitializerBeans - logback: Mapping filters: characterEncodingFilter urls=[/*] order=-2147483648, formContentFilter urls=[/*] order=-9900, requestContextFilter urls=[/*] order=-105
2025-01-05 19:44:58 [main] DEBUG o.s.b.w.s.ServletContextInitializerBeans - logback: Mapping servlets: dispatcherServlet urls=[/]
2025-01-05 19:44:58 [main] DEBUG o.s.b.w.s.f.OrderedRequestContextFilter - logback: Filter 'requestContextFilter' configured for use
2025-01-05 19:44:58 [main] DEBUG o.s.b.w.s.f.OrderedCharacterEncodingFilter - logback: Filter 'characterEncodingFilter' configured for use
2025-01-05 19:44:58 [main] DEBUG o.s.b.w.s.f.OrderedFormContentFilter - logback: Filter 'formContentFilter' configured for use
2025-01-05 19:44:58 [main] DEBUG o.s.b.f.s.DefaultListableBeanFactory - logback: Creating shared instance of singleton bean 'logsHomeworkApplication'
2025-01-05 19:44:58 [main] DEBUG o.s.b.f.s.DefaultListableBeanFactory - logback: Creating shared instance of singleton bean 'loggingController'
2025-01-05 19:44:58 [main] DEBUG o.s.b.f.s.DefaultListableBeanFactory - logback: Creating shared instance of singleton bean 'org.springframework.boot.autoconfigure.AutoConfigurationPackages'
2025-01-05 19:44:58 [main] DEBUG o.s.b.f.s.DefaultListableBeanFactory - logback: Creating shared instance of singleton bean 'org.springframework.boot.autoconfigure.context.PropertyPlaceholderAutoConfiguration'
2025-01-05 19:44:58 [main] DEBUG o.s.b.f.s.DefaultListableBeanFactory - logback: Creating shared instance of singleton bean 'org.springframework.boot.context.properties.EnableConfigurationPropertiesRegistrar.methodValidationExcludeFilter'
