2025-01-05 19:44:59 [main] DEBUG o.s.b.f.s.DefaultListableBeanFactory - logback: Creating shared instance of singleton bean 'org.springframework.boot.autoconfigure.websocket.servlet.WebSocketServletAutoConfiguration'
2025-01-05 19:44:59 [main] DEBUG o.s.b.f.s.DefaultListableBeanFactory - logback: Creating shared instance of singleton bean 'org.springframework.boot.autoconfigure.web.servlet.DispatcherServletAutoConfiguration'
2025-01-05 19:44:59 [main] DEBUG o.s.b.f.s.DefaultListableBeanFactory - logback: Creating shared instance of singleton bean 'org.springframework.boot.autoconfigure.task.TaskExecutorConfigurations$ThreadPoolTaskExecutorBuilderConfiguration'
2025-01-05 19:44:59 [main] DEBUG o.s.b.f.s.DefaultListableBeanFactory - logback: Creating shared instance of singleton bean 'threadPoolTaskExecutorBuilder'
2025-01-05 19:44:59 [main] DEBUG o.s.b.f.s.DefaultListableBeanFactory - logback: Creating shared instance of singleton bean 'spring.task.execution-org.springframework.boot.autoconfigure.task.TaskExecutionProperties'
2025-01-05 19:44:59 [main] DEBUG o.s.b.f.s.DefaultListableBeanFactory - logback: Autowiring by type from bean name 'threadPoolTaskExecutorBuilder' via factory method to bean named 'spring.task.execution-org.springframework.boot.autoconfigure.task.TaskExecutionProperties'
2025-01-05 19:44:59 [main] DEBUG o.s.b.f.s.DefaultListableBeanFactory - logback: Creating shared instance of singleton bean 'org.springframework.boot.autoconfigure.task.TaskExecutorConfigurations$SimpleAsyncTaskExecutorBuilderConfiguration'
2025-01-05 19:44:59 [main] DEBUG o.s.b.f.s.DefaultListableBeanFactory - logback: Autowiring by type from bean name 'org.springframework.boot.autoconfigure.task.TaskExecutorConfigurations$SimpleAsyncTaskExecutorBuilderConfiguration' via constructor to bean named 'spring.task.execution-org.springframework.boot.autoconfigure.task.TaskExecutionProperties'
2025-01-05 19:44:59 [main] DEBUG o.s.b.f.s.DefaultListableBeanFactory - logback: Creating shared instance of singleton bean 'simpleAsyncTaskExecutorBuilder'
2025-01-05 19:44:59 [main] DEBUG o.s.b.f.s.DefaultListableBeanFactory - logback: Creating shared instance of singleton bean 'org.springframework.boot.autoconfigure.task.TaskExecutorConfigurations$TaskExecutorConfiguration'
2025-01-05 19:44:59 [main] DEBUG o.s.b.f.s.DefaultListableBeanFactory - logback: Creating shared instance of singleton bean 'org.springframework.boot.autoconfigure.task.TaskExecutionAutoConfiguration'
2025-01-05 19:44:59 [main] DEBUG o.s.b.f.s.DefaultListableBeanFactory - logback: Creating shared instance of singleton bean 'org.springframework.boot.autoconfigure.web.servlet.error.ErrorMvcAutoConfiguration$WhitelabelErrorViewConfiguration'
2025-01-05 19:44:59 [main] DEBUG o.s.b.f.s.DefaultListableBeanFactory - logback: Creating shared instance of singleton bean 'error'
2025-01-05 19:44:59 [main] DEBUG o.s.b.f.s.DefaultListableBeanFactory - logback: Creating shared instance of singleton bean 'beanNameViewResolver'
2025-01-05 19:44:59 [main] DEBUG o.s.b.f.s.DefaultListableBeanFactory - logback: Creating shared instance of singleton bean 'org.springframework.boot.autoconfigure.web.servlet.error.ErrorMvcAutoConfiguration$DefaultErrorViewResolverConfiguration'
2025-01-05 19:44:59 [main] DEBUG o.s.b.f.s.DefaultListableBeanFactory - logback: Creating shared instance of singleton bean 'spring.web-org.springframework.boot.autoconfigure.web.WebProperties'
2025-01-05 19:44:59 [main] DEBUG o.s.b.f.s.DefaultListableBeanFactory - logback: Autowiring by type from bean name 'org.springframework.boot.autoconfigure.web.servlet.error.ErrorMvcAutoConfiguration$DefaultErrorViewResolverConfiguration' via constructor to bean named 'org.springframework.boot.web.servlet.context.AnnotationConfigServletWebServerApplicationContext@1fdfafd2'
2025-01-05 19:44:59 [main] DEBUG o.s.b.f.s.DefaultListableBeanFactory - logback: Autowiring by type from bean name 'org.springframework.boot.autoconfigure.web.servlet.error.ErrorMvcAutoConfiguration$DefaultErrorViewResolverConfiguration' via constructor to bean named 'spring.web-org.springframework.boot.autoconfigure.web.WebProperties'
2025-01-05 19:44:59 [main] DEBUG o.s.b.f.s.DefaultListableBeanFactory - logback: Creating shared instance of singleton bean 'conventionErrorViewResolver'
2025-01-05 19:44:59 [main] DEBUG o.s.b.f.s.DefaultListableBeanFactory - logback: Creating shared instance of singleton bean 'errorAttributes'
2025-01-05 19:44:59 [main] DEBUG o.s.b.f.s.DefaultListableBeanFactory - logback: Creating shared instance of singleton bean 'basicErrorController'
2025-01-05 19:44:59 [main] DEBUG o.s.b.f.s.DefaultListableBeanFactory - logback: Autowiring by type from bean name 'basicErrorController' via factory method to bean named 'errorAttributes'
2025-01-05 19:44:59 [main] DEBUG o.s.b.f.s.DefaultListableBeanFactory - logback: Creating shared instance of singleton bean 'org.springframework.boot.autoconfigure.web.servlet.WebMvcAutoConfiguration$EnableWebMvcConfiguration'
2025-01-05 19:44:59 [main] DEBUG o.s.b.f.s.DefaultListableBeanFactory - logback: Autowiring by type from bean name 'org.springframework.boot.autoconfigure.web.servlet.WebMvcAutoConfiguration$EnableWebMvcConfiguration' via constructor to bean named 'spring.mvc-org.springframework.boot.autoconfigure.web.servlet.WebMvcProperties'
2025-01-05 19:44:59 [main] DEBUG o.s.b.f.s.DefaultListableBeanFactory - logback: Autowiring by type from bean name 'org.springframework.boot.autoconfigure.web.servlet.WebMvcAutoConfiguration$EnableWebMvcConfiguration' via constructor to bean named 'spring.web-org.springframework.boot.autoconfigure.web.WebProperties'
2025-01-05 19:44:59 [main] DEBUG o.s.b.f.s.DefaultListableBeanFactory - logback: Autowiring by type from bean name 'org.springframework.boot.autoconfigure.web.servlet.WebMvcAutoConfiguration$EnableWebMvcConfiguration' via constructor to bean named 'org.springframework.beans.factory.support.DefaultListableBeanFactory@78461bc4'
2025-01-05 19:44:59 [main] DEBUG o.s.b.f.s.DefaultListableBeanFactory - logback: Creating shared instance of singleton bean 'org.springframework.boot.autoconfigure.web.servlet.WebMvcAutoConfiguration$WebMvcAutoConfigurationAdapter'
2025-01-05 19:44:59 [main] DEBUG o.s.b.f.s.DefaultListableBeanFactory - logback: Autowiring by type from bean name 'org.springframework.boot.autoconfigure.web.servlet.WebMvcAutoConfiguration$WebMvcAutoConfigurationAdapter' via constructor to bean named 'spring.web-org.springframework.boot.autoconfigure.web.WebProperties'
2025-01-05 19:44:59 [main] DEBUG o.s.b.f.s.DefaultListableBeanFactory - logback: Autowiring by type from bean name 'org.springframework.boot.autoconfigure.web.servlet.WebMvcAutoConfiguration$WebMvcAutoConfigurationAdapter' via constructor to bean named 'spring.mvc-org.springframework.boot.autoconfigure.web.servlet.WebMvcProperties'
2025-01-05 19:44:59 [main] DEBUG o.s.b.f.s.DefaultListableBeanFactory - logback: Autowiring by type from bean name 'org.springframework.boot.autoconfigure.web.servlet.WebMvcAutoConfiguration$WebMvcAutoConfigurationAdapter' via constructor to bean named 'org.springframework.beans.factory.support.DefaultListableBeanFactory@78461bc4'
2025-01-05 19:44:59 [main] DEBUG o.s.b.f.s.DefaultListableBeanFactory - logback: Creating shared instance of singleton bean 'welcomePageHandlerMapping'
2025-01-05 19:44:59 [main] DEBUG o.s.b.f.s.DefaultListableBeanFactory - logback: Creating shared instance of singleton bean 'mvcConversionService'
2025-01-05 19:44:59 [main] DEBUG o.s.b.f.s.DefaultListableBeanFactory - logback: Creating shared instance of singleton bean 'mvcResourceUrlProvider'
2025-01-05 19:44:59 [main] DEBUG o.s.b.f.s.DefaultListableBeanFactory - logback: Autowiring by type from bean name 'welcomePageHandlerMapping' via factory method to bean named 'org.springframework.boot.web.servlet.context.AnnotationConfigServletWebServerApplicationContext@1fdfafd2'
2025-01-05 19:44:59 [main] DEBUG o.s.b.f.s.DefaultListableBeanFactory - logback: Autowiring by type from bean name 'welcomePageHandlerMapping' via factory method to bean named 'mvcConversionService'
2025-01-05 19:44:59 [main] DEBUG o.s.b.f.s.DefaultListableBeanFactory - logback: Autowiring by type from bean name 'welcomePageHandlerMapping' via factory method to bean named 'mvcResourceUrlProvider'
2025-01-05 19:44:59 [main] DEBUG o.s.b.f.s.DefaultListableBeanFactory - logback: Creating shared instance of singleton bean 'welcomePageNotAcceptableHandlerMapping'
2025-01-05 19:44:59 [main] DEBUG o.s.b.f.s.DefaultListableBeanFactory - logback: Autowiring by type from bean name 'welcomePageNotAcceptableHandlerMapping' via factory method to bean named 'org.springframework.boot.web.servlet.context.AnnotationConfigServletWebServerApplicationContext@1fdfafd2'
2025-01-05 19:44:59 [main] DEBUG o.s.b.f.s.DefaultListableBeanFactory - logback: Autowiring by type from bean name 'welcomePageNotAcceptableHandlerMapping' via factory method to bean named 'mvcConversionService'
2025-01-05 19:44:59 [main] DEBUG o.s.b.f.s.DefaultListableBeanFactory - logback: Autowiring by type from bean name 'welcomePageNotAcceptableHandlerMapping' via factory method to bean named 'mvcResourceUrlProvider'
2025-01-05 19:44:59 [main] DEBUG o.s.b.f.s.DefaultListableBeanFactory - logback: Creating shared instance of singleton bean 'localeResolver'
2025-01-05 19:44:59 [main] DEBUG o.s.b.f.s.DefaultListableBeanFactory - logback: Creating shared instance of singleton bean 'themeResolver'
2025-01-05 19:44:59 [main] DEBUG o.s.b.f.s.DefaultListableBeanFactory - logback: Creating shared instance of singleton bean 'flashMapManager'
2025-01-05 19:44:59 [main] DEBUG o.s.b.f.s.DefaultListableBeanFactory - logback: Creating shared instance of singleton bean 'viewNameTranslator'
2025-01-05 19:44:59 [main] DEBUG o.s.b.f.s.DefaultListableBeanFactory - logback: Creating shared instance of singleton bean 'mvcValidator'
2025-01-05 19:44:59 [main] DEBUG o.s.b.f.s.DefaultListableBeanFactory - logback: Creating shared instance of singleton bean 'mvcContentNegotiationManager'
2025-01-05 19:44:59 [main] DEBUG o.s.b.f.s.DefaultListableBeanFactory - logback: Creating shared instance of singleton bean 'requestMappingHandlerMapping'
2025-01-05 19:44:59 [main] DEBUG o.s.b.f.s.DefaultListableBeanFactory - logback: Autowiring by type from bean name 'requestMappingHandlerMapping' via factory method to bean named 'mvcContentNegotiationManager'
2025-01-05 19:44:59 [main] DEBUG o.s.b.f.s.DefaultListableBeanFactory - logback: Autowiring by type from bean name 'requestMappingHandlerMapping' via factory method to bean named 'mvcConversionService'
2025-01-05 19:44:59 [main] DEBUG o.s.b.f.s.DefaultListableBeanFactory - logback: Autowiring by type from bean name 'requestMappingHandlerMapping' via factory method to bean named 'mvcResourceUrlProvider'
2025-01-05 19:44:59 [main] DEBUG _.s.w.s.HandlerMapping.Mappings - logback: 
	r.p.l.c.LoggingController:
	{GET [/log-test]}: logTest()
2025-01-05 19:44:59 [main] DEBUG _.s.w.s.HandlerMapping.Mappings - logback: 
	o.s.b.a.w.s.e.BasicErrorController:
	{ [/error]}: error(HttpServletRequest)
	{ [/error], produces [text/html]}: errorHtml(HttpServletRequest,HttpServletResponse)
2025-01-05 19:44:59 [main] DEBUG o.s.w.s.m.m.a.RequestMappingHandlerMapping - logback: 3 mappings in 'requestMappingHandlerMapping'
2025-01-05 19:44:59 [main] DEBUG o.s.b.f.s.DefaultListableBeanFactory - logback: Creating shared instance of singleton bean 'mvcPatternParser'
2025-01-05 19:44:59 [main] DEBUG o.s.b.f.s.DefaultListableBeanFactory - logback: Creating shared instance of singleton bean 'mvcUrlPathHelper'
2025-01-05 19:44:59 [main] DEBUG o.s.b.f.s.DefaultListableBeanFactory - logback: Creating shared instance of singleton bean 'mvcPathMatcher'
2025-01-05 19:44:59 [main] DEBUG o.s.b.f.s.DefaultListableBeanFactory - logback: Creating shared instance of singleton bean 'viewControllerHandlerMapping'
2025-01-05 19:44:59 [main] DEBUG o.s.b.f.s.DefaultListableBeanFactory - logback: Autowiring by type from bean name 'viewControllerHandlerMapping' via factory method to bean named 'mvcConversionService'
2025-01-05 19:44:59 [main] DEBUG o.s.b.f.s.DefaultListableBeanFactory - logback: Autowiring by type from bean name 'viewControllerHandlerMapping' via factory method to bean named 'mvcResourceUrlProvider'
2025-01-05 19:44:59 [main] DEBUG o.s.b.f.s.DefaultListableBeanFactory - logback: Creating shared instance of singleton bean 'beanNameHandlerMapping'
2025-01-05 19:44:59 [main] DEBUG o.s.b.f.s.DefaultListableBeanFactory - logback: Autowiring by type from bean name 'beanNameHandlerMapping' via factory method to bean named 'mvcConversionService'
2025-01-05 19:44:59 [main] DEBUG o.s.b.f.s.DefaultListableBeanFactory - logback: Autowiring by type from bean name 'beanNameHandlerMapping' via factory method to bean named 'mvcResourceUrlProvider'
2025-01-05 19:44:59 [main] DEBUG _.s.w.s.HandlerMapping.Mappings - logback: 'beanNameHandlerMapping' {}
2025-01-05 19:44:59 [main] DEBUG o.s.b.f.s.DefaultListableBeanFactory - logback: Creating shared instance of singleton bean 'routerFunctionMapping'
2025-01-05 19:44:59 [main] DEBUG o.s.b.f.s.DefaultListableBeanFactory - logback: Autowiring by type from bean name 'routerFunctionMapping' via factory method to bean named 'mvcConversionService'
2025-01-05 19:44:59 [main] DEBUG o.s.b.f.s.DefaultListableBeanFactory - logback: Autowiring by type from bean name 'routerFunctionMapping' via factory method to bean named 'mvcResourceUrlProvider'
2025-01-05 19:44:59 [main] DEBUG o.s.b.f.s.DefaultListableBeanFactory - logback: Creating shared instance of singleton bean 'messageConverters'
2025-01-05 19:44:59 [main] DEBUG o.s.b.f.s.DefaultListableBeanFactory - logback: Creating shared instance of singleton bean 'org.springframework.boot.autoconfigure.http.HttpMessageConvertersAutoConfiguration'
2025-01-05 19:44:59 [main] DEBUG o.s.b.f.s.DefaultListableBeanFactory - logback: Creating shared instance of singleton bean 'stringHttpMessageConverter'
2025-01-05 19:44:59 [main] DEBUG o.s.b.f.s.DefaultListableBeanFactory - logback: Creating shared instance of singleton bean 'org.springframework.boot.autoconfigure.http.HttpMessageConvertersAutoConfiguration$StringHttpMessageConverterConfiguration'
2025-01-05 19:44:59 [main] DEBUG o.s.b.f.s.DefaultListableBeanFactory - logback: Autowiring by type from bean name 'stringHttpMessageConverter' via factory method to bean named 'environment'
2025-01-05 19:44:59 [main] DEBUG o.s.b.f.s.DefaultListableBeanFactory - logback: Creating shared instance of singleton bean 'mappingJackson2HttpMessageConverter'
2025-01-05 19:44:59 [main] DEBUG o.s.b.f.s.DefaultListableBeanFactory - logback: Creating shared instance of singleton bean 'org.springframework.boot.autoconfigure.http.JacksonHttpMessageConvertersConfiguration$MappingJackson2HttpMessageConverterConfiguration'
2025-01-05 19:44:59 [main] DEBUG o.s.b.f.s.DefaultListableBeanFactory - logback: Creating shared instance of singleton bean 'jacksonObjectMapper'
2025-01-05 19:44:59 [main] DEBUG o.s.b.f.s.DefaultListableBeanFactory - logback: Creating shared instance of singleton bean 'org.springframework.boot.autoconfigure.jackson.JacksonAutoConfiguration$JacksonObjectMapperConfiguration'
2025-01-05 19:44:59 [main] DEBUG o.s.b.f.s.DefaultListableBeanFactory - logback: Creating shared instance of singleton bean 'org.springframework.boot.autoconfigure.jackson.JacksonAutoConfiguration$JacksonObjectMapperBuilderConfiguration'
2025-01-05 19:44:59 [main] DEBUG o.s.b.f.s.DefaultListableBeanFactory - logback: Creating shared instance of singleton bean 'standardJacksonObjectMapperBuilderCustomizer'
2025-01-05 19:44:59 [main] DEBUG o.s.b.f.s.DefaultListableBeanFactory - logback: Creating shared instance of singleton bean 'org.springframework.boot.autoconfigure.jackson.JacksonAutoConfiguration$Jackson2ObjectMapperBuilderCustomizerConfiguration'
2025-01-05 19:44:59 [main] DEBUG o.s.b.f.s.DefaultListableBeanFactory - logback: Creating shared instance of singleton bean 'spring.jackson-org.springframework.boot.autoconfigure.jackson.JacksonProperties'
2025-01-05 19:44:59 [main] DEBUG o.s.b.f.s.DefaultListableBeanFactory - logback: Autowiring by type from bean name 'standardJacksonObjectMapperBuilderCustomizer' via factory method to bean named 'spring.jackson-org.springframework.boot.autoconfigure.jackson.JacksonProperties'
2025-01-05 19:44:59 [main] DEBUG o.s.b.f.s.DefaultListableBeanFactory - logback: Creating shared instance of singleton bean 'parameterNamesModule'
2025-01-05 19:44:59 [main] DEBUG o.s.b.f.s.DefaultListableBeanFactory - logback: Creating shared instance of singleton bean 'org.springframework.boot.autoconfigure.jackson.JacksonAutoConfiguration$ParameterNamesModuleConfiguration'
2025-01-05 19:44:59 [main] DEBUG o.s.b.f.s.DefaultListableBeanFactory - logback: Creating shared instance of singleton bean 'jsonMixinModule'
2025-01-05 19:44:59 [main] DEBUG o.s.b.f.s.DefaultListableBeanFactory - logback: Creating shared instance of singleton bean 'org.springframework.boot.autoconfigure.jackson.JacksonAutoConfiguration$JacksonMixinConfiguration'
2025-01-05 19:44:59 [main] DEBUG o.s.b.f.s.DefaultListableBeanFactory - logback: Creating shared instance of singleton bean 'jsonMixinModuleEntries'
2025-01-05 19:44:59 [main] DEBUG o.s.b.f.s.DefaultListableBeanFactory - logback: Autowiring by type from bean name 'jsonMixinModuleEntries' via factory method to bean named 'org.springframework.boot.web.servlet.context.AnnotationConfigServletWebServerApplicationContext@1fdfafd2'
2025-01-05 19:44:59 [main] DEBUG o.s.b.a.AutoConfigurationPackages - logback: @EnableAutoConfiguration was declared on a class in the package 'ru.productstar.logshomework'. Automatic @Repository and @Entity scanning is enabled.
2025-01-05 19:44:59 [main] DEBUG o.s.b.f.s.DefaultListableBeanFactory - logback: Autowiring by type from bean name 'jsonMixinModule' via factory method to bean named 'org.springframework.boot.web.servlet.context.AnnotationConfigServletWebServerApplicationContext@1fdfafd2'
2025-01-05 19:44:59 [main] DEBUG o.s.b.f.s.DefaultListableBeanFactory - logback: Autowiring by type from bean name 'jsonMixinModule' via factory method to bean named 'jsonMixinModuleEntries'
2025-01-05 19:44:59 [main] DEBUG o.s.b.f.s.DefaultListableBeanFactory - logback: Creating shared instance of singleton bean 'jsonComponentModule'
2025-01-05 19:44:59 [main] DEBUG o.s.b.f.s.DefaultListableBeanFactory - logback: Creating shared instance of singleton bean 'org.springframework.boot.autoconfigure.jackson.JacksonAutoConfiguration'
2025-01-05 19:44:59 [main] DEBUG o.s.b.f.s.DefaultListableBeanFactory - logback: Autowiring by type from bean name 'jacksonObjectMapperBuilder' via factory method to bean named 'org.springframework.boot.web.servlet.context.AnnotationConfigServletWebServerApplicationContext@1fdfafd2'
2025-01-05 19:44:59 [main] DEBUG o.s.b.f.s.DefaultListableBeanFactory - logback: Autowiring by type from bean name 'jacksonObjectMapperBuilder' via factory method to bean named 'standardJacksonObjectMapperBuilderCustomizer'
2025-01-05 19:44:59 [main] DEBUG o.s.b.f.s.DefaultListableBeanFactory - logback: Autowiring by type from bean name 'jacksonObjectMapper' via factory method to bean named 'jacksonObjectMapperBuilder'
2025-01-05 19:44:59 [main] DEBUG o.s.b.f.s.DefaultListableBeanFactory - logback: Autowiring by type from bean name 'mappingJackson2HttpMessageConverter' via factory method to bean named 'jacksonObjectMapper'
2025-01-05 19:44:59 [main] DEBUG o.s.b.f.s.DefaultListableBeanFactory - logback: Creating shared instance of singleton bean 'resourceHandlerMapping'
2025-01-05 19:44:59 [main] DEBUG o.s.b.f.s.DefaultListableBeanFactory - logback: Autowiring by type from bean name 'resourceHandlerMapping' via factory method to bean named 'mvcContentNegotiationManager'
2025-01-05 19:44:59 [main] DEBUG o.s.b.f.s.DefaultListableBeanFactory - logback: Autowiring by type from bean name 'resourceHandlerMapping' via factory method to bean named 'mvcConversionService'
2025-01-05 19:44:59 [main] DEBUG o.s.b.f.s.DefaultListableBeanFactory - logback: Autowiring by type from bean name 'resourceHandlerMapping' via factory method to bean named 'mvcResourceUrlProvider'
2025-01-05 19:44:59 [main] DEBUG _.s.w.s.HandlerMapping.Mappings - logback: 'resourceHandlerMapping' {/webjars/**=ResourceHttpRequestHandler [classpath [META-INF/resources/webjars/]], /**=ResourceHttpRequestHandler [classpath [META-INF/resources/], classpath [resources/], classpath [static/], classpath [public/], ServletContext [/]]}
2025-01-05 19:44:59 [main] DEBUG o.s.b.f.s.DefaultListableBeanFactory - logback: Creating shared instance of singleton bean 'defaultServletHandlerMapping'
2025-01-05 19:44:59 [main] DEBUG o.s.b.f.s.DefaultListableBeanFactory - logback: Creating shared instance of singleton bean 'requestMappingHandlerAdapter'
2025-01-05 19:44:59 [main] DEBUG o.s.b.f.s.DefaultListableBeanFactory - logback: Autowiring by type from bean name 'requestMappingHandlerAdapter' via factory method to bean named 'mvcContentNegotiationManager'
2025-01-05 19:44:59 [main] DEBUG o.s.b.f.s.DefaultListableBeanFactory - logback: Autowiring by type from bean name 'requestMappingHandlerAdapter' via factory method to bean named 'mvcConversionService'
2025-01-05 19:44:59 [main] DEBUG o.s.b.f.s.DefaultListableBeanFactory - logback: Autowiring by type from bean name 'requestMappingHandlerAdapter' via factory method to bean named 'mvcValidator'
2025-01-05 19:44:59 [main] DEBUG o.s.b.f.s.DefaultListableBeanFactory - logback: Creating shared instance of singleton bean 'applicationTaskExecutor'
2025-01-05 19:44:59 [main] DEBUG o.s.b.f.s.DefaultListableBeanFactory - logback: Autowiring by type from bean name 'applicationTaskExecutor' via factory method to bean named 'threadPoolTaskExecutorBuilder'
2025-01-05 19:44:59 [main] DEBUG o.s.s.c.ThreadPoolTaskExecutor - logback: Initializing ExecutorService 'applicationTaskExecutor'
2025-01-05 19:44:59 [main] DEBUG o.s.w.s.m.m.a.RequestMappingHandlerAdapter - logback: ControllerAdvice beans: 0 @ModelAttribute, 0 @InitBinder, 1 RequestBodyAdvice, 1 ResponseBodyAdvice
2025-01-05 19:44:59 [main] DEBUG o.s.b.f.s.DefaultListableBeanFactory - logback: Creating shared instance of singleton bean 'mvcViewResolver'
2025-01-05 19:44:59 [main] DEBUG o.s.b.f.s.DefaultListableBeanFactory - logback: Autowiring by type from bean name 'mvcViewResolver' via factory method to bean named 'mvcContentNegotiationManager'
2025-01-05 19:44:59 [main] DEBUG o.s.b.f.s.DefaultListableBeanFactory - logback: Creating shared instance of singleton bean 'defaultViewResolver'
2025-01-05 19:44:59 [main] DEBUG o.s.b.f.s.DefaultListableBeanFactory - logback: Creating shared instance of singleton bean 'viewResolver'
2025-01-05 19:44:59 [main] DEBUG o.s.b.f.s.DefaultListableBeanFactory - logback: Autowiring by type from bean name 'viewResolver' via factory method to bean named 'org.springframework.beans.factory.support.DefaultListableBeanFactory@78461bc4'
2025-01-05 19:44:59 [main] DEBUG o.s.b.f.s.DefaultListableBeanFactory - logback: Creating shared instance of singleton bean 'viewResolver'
2025-01-05 19:44:59 [main] DEBUG o.s.b.f.s.DefaultListableBeanFactory - logback: Creating shared instance of singleton bean 'handlerFunctionAdapter'
2025-01-05 19:44:59 [main] DEBUG o.s.b.f.s.DefaultListableBeanFactory - logback: Creating shared instance of singleton bean 'mvcUriComponentsContributor'
2025-01-05 19:44:59 [main] DEBUG o.s.b.f.s.DefaultListableBeanFactory - logback: Autowiring by type from bean name 'mvcUriComponentsContributor' via factory method to bean named 'mvcConversionService'
2025-01-05 19:44:59 [main] DEBUG o.s.b.f.s.DefaultListableBeanFactory - logback: Autowiring by type from bean name 'mvcUriComponentsContributor' via factory method to bean named 'requestMappingHandlerAdapter'
2025-01-05 19:44:59 [main] DEBUG o.s.b.f.s.DefaultListableBeanFactory - logback: Creating shared instance of singleton bean 'httpRequestHandlerAdapter'
2025-01-05 19:44:59 [main] DEBUG o.s.b.f.s.DefaultListableBeanFactory - logback: Creating shared instance of singleton bean 'simpleControllerHandlerAdapter'
2025-01-05 19:44:59 [main] DEBUG o.s.b.f.s.DefaultListableBeanFactory - logback: Creating shared instance of singleton bean 'handlerExceptionResolver'
2025-01-05 19:44:59 [main] DEBUG o.s.b.f.s.DefaultListableBeanFactory - logback: Autowiring by type from bean name 'handlerExceptionResolver' via factory method to bean named 'mvcContentNegotiationManager'
2025-01-05 19:44:59 [main] DEBUG o.s.w.s.m.m.a.ExceptionHandlerExceptionResolver - logback: ControllerAdvice beans: 0 @ExceptionHandler, 1 ResponseBodyAdvice
2025-01-05 19:44:59 [main] DEBUG o.s.b.f.s.DefaultListableBeanFactory - logback: Creating shared instance of singleton bean 'org.springframework.boot.autoconfigure.jmx.JmxAutoConfiguration'
2025-01-05 19:44:59 [main] DEBUG o.s.b.f.s.DefaultListableBeanFactory - logback: Creating shared instance of singleton bean 'spring.jmx-org.springframework.boot.autoconfigure.jmx.JmxProperties'
2025-01-05 19:44:59 [main] DEBUG o.s.b.f.s.DefaultListableBeanFactory - logback: Autowiring by type from bean name 'org.springframework.boot.autoconfigure.jmx.JmxAutoConfiguration' via constructor to bean named 'spring.jmx-org.springframework.boot.autoconfigure.jmx.JmxProperties'
2025-01-05 19:44:59 [main] DEBUG o.s.b.f.s.DefaultListableBeanFactory - logback: Creating shared instance of singleton bean 'mbeanExporter'
